<?xml version="1.0" encoding="UTF-8"?>
<testng-results ignored="0" total="1" passed="1" failed="0" skipped="0">
  <reporter-output>
  </reporter-output>
  <suite started-at="2025-11-22T20:58:32 IST" name="Default suite" finished-at="2025-11-22T20:58:46 IST" duration-ms="14133">
    <groups>
      <group name="cucumber">
        <method signature="AbstractTestNGCucumberTests.runScenario(io.cucumber.testng.PickleWrapper,io.cucumber.testng.FeatureWrapper)[pri:0, instance:tesRunner.TestRunner@3857f613]" name="runScenario" class="io.cucumber.testng.AbstractTestNGCucumberTests"/>
      </group> <!-- cucumber -->
    </groups>
    <test started-at="2025-11-22T20:58:32 IST" name="Default test" finished-at="2025-11-22T20:58:46 IST" duration-ms="14133">
      <class name="tesRunner.TestRunner">
        <test-method is-config="true" signature="setUpClass(org.testng.ITestContext)[pri:0, instance:tesRunner.TestRunner@3857f613]" started-at="2025-11-22T20:58:32 IST" name="setUpClass" finished-at="2025-11-22T20:58:33 IST" duration-ms="1176" status="PASS">
          <params>
            <param index="0">
              <value>
                <![CDATA[org.testng.TestRunner@67110f71]]>
              </value>
            </param>
          </params>
          <reporter-output>
          </reporter-output>
        </test-method> <!-- setUpClass -->
        <test-method signature="runScenario(io.cucumber.testng.PickleWrapper,io.cucumber.testng.FeatureWrapper)[pri:0, instance:tesRunner.TestRunner@3857f613]" started-at="2025-11-22T20:58:33 IST" name="runScenario" description="Runs Cucumber Scenarios" data-provider="scenarios" finished-at="2025-11-22T20:58:46 IST" duration-ms="12814" status="PASS">
          <params>
            <param index="0">
              <value>
                <![CDATA["Successful Login with Valid Credentials"]]>
              </value>
            </param>
            <param index="1">
              <value>
                <![CDATA["Login"]]>
              </value>
            </param>
          </params>
          <reporter-output>
          </reporter-output>
        </test-method> <!-- runScenario -->
        <test-method is-config="true" signature="tearDownClass()[pri:0, instance:tesRunner.TestRunner@3857f613]" started-at="2025-11-22T20:58:46 IST" name="tearDownClass" finished-at="2025-11-22T20:58:46 IST" duration-ms="51" status="PASS">
          <reporter-output>
          </reporter-output>
        </test-method> <!-- tearDownClass -->
      </class> <!-- tesRunner.TestRunner -->
    </test> <!-- Default test -->
  </suite> <!-- Default suite -->
</testng-results>
